Loaded plugins: fastestmirror, remove-with-leaves
Installed Packages
MAKEDEV.x86_64                       3.24-6.el6               @anaconda-CentOS-201112102333.x86_64/6.2
acl.x86_64                           2.2.49-6.el6             @anaconda-CentOS-201112102333.x86_64/6.2
acpid.x86_64                         1.0.10-2.1.el6           @base             
alsa-lib.x86_64                      1.0.22-3.el6             @base             
atk.x86_64                           1.28.0-2.el6             @base             
attr.x86_64                          2.4.44-7.el6             @anaconda-CentOS-201112102333.x86_64/6.2
audit.x86_64                         2.2-2.el6                @base             
audit-libs.x86_64                    2.2-2.el6                @base             
authconfig.x86_64                    6.1.12-13.el6            @base             
autoconf.noarch                      2.63-5.1.el6             @base             
automake.noarch                      1.11.1-4.el6             @base             
avahi-libs.x86_64                    0.6.25-12.el6            @base             
b43-openfwwf.noarch                  5.2-4.el6                @anaconda-CentOS-201112102333.x86_64/6.2
basesystem.noarch                    10.0-4.el6               @anaconda-CentOS-201112102333.x86_64/6.2
bash.x86_64                          4.1.2-15.el6_4           @updates          
binutils.x86_64                      2.20.51.0.2-5.36.el6     @base             
blas.x86_64                          3.2.1-4.el6              @base             
blas-devel.x86_64                    3.2.1-4.el6              @base             
bzip2.x86_64                         1.0.5-7.el6_0            @anaconda-CentOS-201112102333.x86_64/6.2
bzip2-devel.x86_64                   1.0.5-7.el6_0            @base             
bzip2-libs.x86_64                    1.0.5-7.el6_0            @anaconda-CentOS-201112102333.x86_64/6.2
ca-certificates.noarch               2010.63-3.el6_1.5        @anaconda-CentOS-201112102333.x86_64/6.2
cairo.x86_64                         1.8.8-3.1.el6            @base             
centos-indexhtml.noarch              6-1.el6.centos           @base             
centos-release.x86_64                6-4.el6.centos.10        @base             
checkpolicy.x86_64                   2.0.22-1.el6             @anaconda-CentOS-201112102333.x86_64/6.2
chkconfig.x86_64                     1.3.49.3-2.el6_4.1       @updates          
cloog-ppl.x86_64                     0.15.7-1.2.el6           @base             
compat-gcc-34.x86_64                 3.4.6-19.el6             @base             
compat-gcc-34-c++.x86_64             3.4.6-19.el6             @base             
compat-gcc-34-g77.x86_64             3.4.6-19.el6             @base             
compat-libf2c-34.x86_64              3.4.6-19.el6             @base             
coreutils.x86_64                     8.4-19.el6_4.2           @updates          
coreutils-libs.x86_64                8.4-19.el6_4.2           @updates          
cpio.x86_64                          2.10-11.el6_3            @base             
cpp.x86_64                           4.4.7-3.el6              @base             
cracklib.x86_64                      2.8.16-4.el6             @anaconda-CentOS-201112102333.x86_64/6.2
cracklib-dicts.x86_64                2.8.16-4.el6             @anaconda-CentOS-201112102333.x86_64/6.2
cronie.x86_64                        1.4.4-7.el6              @anaconda-CentOS-201112102333.x86_64/6.2
cronie-anacron.x86_64                1.4.4-7.el6              @anaconda-CentOS-201112102333.x86_64/6.2
crontabs.noarch                      1.10-33.el6              @anaconda-CentOS-201112102333.x86_64/6.2
cups-libs.x86_64                     1:1.4.2-50.el6_4.5       @updates          
curl.x86_64                          7.19.7-37.el6_4          @updates          
cvs.x86_64                           1.11.23-15.el6           @base             
cyrus-sasl.x86_64                    2.1.23-13.el6_3.1        @base             
cyrus-sasl-lib.x86_64                2.1.23-13.el6_3.1        @base             
dash.x86_64                          0.5.5.1-4.el6            @base             
db4.x86_64                           4.7.25-18.el6_4          @updates          
db4-utils.x86_64                     4.7.25-18.el6_4          @updates          
dbus-glib.x86_64                     0.86-6.el6               @updates          
dbus-libs.x86_64                     1:1.2.24-7.el6_3         @base             
dhclient.x86_64                      12:4.1.1-34.P1.el6_4.1   @updates          
dhcp-common.x86_64                   12:4.1.1-34.P1.el6_4.1   @updates          
diffutils.x86_64                     2.8.1-28.el6             @anaconda-CentOS-201112102333.x86_64/6.2
docbook-dtds.noarch                  1.0-51.el6               @base             
docbook-style-xsl.noarch             1.75.2-6.el6             @base             
dracut.noarch                        004-303.el6              @base             
dracut-kernel.noarch                 004-303.el6              @base             
e2fsprogs.x86_64                     1.41.12-14.el6_4.2       @updates          
e2fsprogs-libs.x86_64                1.41.12-14.el6_4.2       @updates          
efibootmgr.x86_64                    0.5.4-10.el6             @base             
elfutils-libelf.x86_64               0.152-1.el6              @anaconda-CentOS-201112102333.x86_64/6.2
ethtool.x86_64                       2:3.5-1.el6              @base             
expat.x86_64                         2.0.1-11.el6_2           @base             
expat-devel.x86_64                   2.0.1-11.el6_2           @base             
file.x86_64                          5.04-15.el6              @base             
file-libs.x86_64                     5.04-15.el6              @base             
filesystem.x86_64                    2.4.30-3.el6             @anaconda-CentOS-201112102333.x86_64/6.2
findutils.x86_64                     1:4.4.2-6.el6            @anaconda-CentOS-201112102333.x86_64/6.2
fipscheck.x86_64                     1.2.0-7.el6              @anaconda-CentOS-201112102333.x86_64/6.2
fipscheck-lib.x86_64                 1.2.0-7.el6              @anaconda-CentOS-201112102333.x86_64/6.2
flex.x86_64                          2.5.35-8.el6             @base             
fontconfig.x86_64                    2.8.0-3.el6              @base             
freetype.x86_64                      2.3.11-14.el6_3.1        @updates          
gamin.x86_64                         0.1.10-9.el6             @anaconda-CentOS-201112102333.x86_64/6.2
gawk.x86_64                          3.1.7-10.el6             @base             
gcc.x86_64                           4.4.7-3.el6              @base             
gcc-c++.x86_64                       4.4.7-3.el6              @base             
gcc-gfortran.x86_64                  4.4.7-3.el6              @base             
gdbm.x86_64                          1.8.0-36.el6             @anaconda-CentOS-201112102333.x86_64/6.2
gettext.x86_64                       0.17-16.el6              @base             
gettext-devel.x86_64                 0.17-16.el6              @base             
gettext-libs.x86_64                  0.17-16.el6              @base             
glib2.x86_64                         2.22.5-7.el6             @base             
glibc.x86_64                         2.12-1.107.el6_4.5       @updates          
glibc-common.x86_64                  2.12-1.107.el6_4.5       @updates          
glibc-devel.x86_64                   2.12-1.107.el6_4.5       @updates          
glibc-headers.x86_64                 2.12-1.107.el6_4.5       @updates          
gmp.x86_64                           4.3.1-7.el6_2.2          @base             
gnupg2.x86_64                        2.0.14-6.el6_4           @updates          
gnutls.x86_64                        2.8.5-10.el6_4.2         @updates          
gpgme.x86_64                         1.1.8-3.el6              @anaconda-CentOS-201112102333.x86_64/6.2
gpm-libs.x86_64                      1.20.6-12.el6            @base             
grep.x86_64                          2.6.3-3.el6              @base             
groff.x86_64                         1.18.1.4-21.el6          @anaconda-CentOS-201112102333.x86_64/6.2
grub.x86_64                          1:0.97-81.el6            @base             
grubby.x86_64                        7.0.15-3.el6             @base             
gtk2.x86_64                          2.18.9-12.el6            @base             
gzip.x86_64                          1.3.12-19.el6_4          @updates          
hicolor-icon-theme.noarch            0.11-1.1.el6             @base             
hwdata.noarch                        0.233-7.9.el6            @base             
info.x86_64                          4.13a-8.el6              @anaconda-CentOS-201112102333.x86_64/6.2
initscripts.x86_64                   9.03.38-1.el6.centos.2   @updates          
iproute.x86_64                       2.6.32-23.el6            @base             
iptables.x86_64                      1.4.7-9.el6              @base             
iptables-ipv6.x86_64                 1.4.7-9.el6              @base             
iputils.x86_64                       20071127-17.el6_4.2      @updates          
jasper-libs.x86_64                   1.900.1-15.el6_1.1       @base             
kbd.x86_64                           1.15-11.el6              @anaconda-CentOS-201112102333.x86_64/6.2
kbd-misc.noarch                      1.15-11.el6              @anaconda-CentOS-201112102333.x86_64/6.2
kernel.x86_64                        2.6.32-220.4.2.el6       @Centosupdates/6.2
kernel.x86_64                        2.6.32-358.23.2.el6      @updates          
kernel-firmware.noarch               2.6.32-358.23.2.el6      @updates          
kernel-headers.x86_64                2.6.32-358.23.2.el6      @updates          
keyutils-libs.x86_64                 1.4-4.el6                @base             
keyutils-libs-devel.x86_64           1.4-4.el6                @base             
krb5-devel.x86_64                    1.10.3-10.el6_4.6        @updates          
krb5-libs.x86_64                     1.10.3-10.el6_4.6        @updates          
lapack.x86_64                        3.2.1-4.el6              @base             
lapack-devel.x86_64                  3.2.1-4.el6              @base             
less.x86_64                          436-10.el6               @anaconda-CentOS-201112102333.x86_64/6.2
libICE.x86_64                        1.0.6-1.el6              @base             
libSM.x86_64                         1.2.1-2.el6              @base             
libX11.x86_64                        1.5.0-4.el6              @base             
libX11-common.noarch                 1.5.0-4.el6              @base             
libXau.x86_64                        1.0.6-4.el6              @base             
libXcomposite.x86_64                 0.4.3-4.el6              @base             
libXcursor.x86_64                    1.1.13-2.el6             @base             
libXdamage.x86_64                    1.1.3-4.el6              @base             
libXext.x86_64                       1.3.1-2.el6              @base             
libXfixes.x86_64                     5.0-3.el6                @base             
libXft.x86_64                        2.3.1-2.el6              @base             
libXi.x86_64                         1.6.1-3.el6              @base             
libXinerama.x86_64                   1.1.2-2.el6              @base             
libXrandr.x86_64                     1.4.0-1.el6              @base             
libXrender.x86_64                    0.9.7-2.el6              @base             
libXtst.x86_64                       1.2.1-2.el6              @base             
libacl.x86_64                        2.2.49-6.el6             @anaconda-CentOS-201112102333.x86_64/6.2
libart_lgpl.x86_64                   2.3.20-5.1.el6           @base             
libattr.x86_64                       2.4.44-7.el6             @anaconda-CentOS-201112102333.x86_64/6.2
libblkid.x86_64                      2.17.2-12.9.el6_4.3      @updates          
libcap.x86_64                        2.16-5.5.el6             @anaconda-CentOS-201112102333.x86_64/6.2
libcap-ng.x86_64                     0.6.4-3.el6_0.1          @anaconda-CentOS-201112102333.x86_64/6.2
libcom_err.x86_64                    1.41.12-14.el6_4.2       @updates          
libcom_err-devel.x86_64              1.41.12-14.el6_4.2       @updates          
libcurl.x86_64                       7.19.7-37.el6_4          @updates          
libcurl-devel.x86_64                 7.19.7-37.el6_4          @updates          
libdrm.x86_64                        2.4.39-1.el6             @base             
libedit.x86_64                       2.11-4.20080712cvs.1.el6 @base             
libffi.x86_64                        3.0.5-3.2.el6            @anaconda-CentOS-201112102333.x86_64/6.2
libgcc.x86_64                        4.4.7-3.el6              @base             
libgcj.x86_64                        4.4.7-3.el6              @base             
libgcrypt.x86_64                     1.4.5-11.el6_4           @updates          
libgcrypt-devel.x86_64               1.4.5-11.el6_4           @updates          
libgfortran.x86_64                   4.4.7-3.el6              @base             
libgomp.x86_64                       4.4.7-3.el6              @base             
libgpg-error.x86_64                  1.7-4.el6                @anaconda-CentOS-201112102333.x86_64/6.2
libgpg-error-devel.x86_64            1.7-4.el6                @base             
libidn.x86_64                        1.18-2.el6               @anaconda-CentOS-201112102333.x86_64/6.2
libidn-devel.x86_64                  1.18-2.el6               @base             
libjpeg-turbo.x86_64                 1.2.1-1.el6              @base             
libnih.x86_64                        1.0.1-7.el6              @anaconda-CentOS-201112102333.x86_64/6.2
libpciaccess.x86_64                  0.13.1-2.el6             @base             
libpng.x86_64                        2:1.2.49-1.el6_2         @base             
libselinux.x86_64                    2.0.94-5.3.el6_4.1       @updates          
libselinux-devel.x86_64              2.0.94-5.3.el6_4.1       @updates          
libselinux-utils.x86_64              2.0.94-5.3.el6_4.1       @updates          
libsemanage.x86_64                   2.0.43-4.2.el6           @base             
libsepol.x86_64                      2.0.41-4.el6             @anaconda-CentOS-201112102333.x86_64/6.2
libsepol-devel.x86_64                2.0.41-4.el6             @base             
libss.x86_64                         1.41.12-14.el6_4.2       @updates          
libssh2.x86_64                       1.4.2-1.el6              @base             
libstdc++.x86_64                     4.4.7-3.el6              @base             
libstdc++-devel.x86_64               4.4.7-3.el6              @base             
libtasn1.x86_64                      2.3-3.el6_2.1            @base             
libthai.x86_64                       0.1.12-3.el6             @base             
libtiff.x86_64                       3.9.4-9.el6_3            @updates          
libtool.x86_64                       2.2.6-15.5.el6           @base             
libtool-ltdl.x86_64                  2.2.6-15.5.el6           @base             
libusb.x86_64                        0.1.12-23.el6            @anaconda-CentOS-201112102333.x86_64/6.2
libuser.x86_64                       0.56.13-5.el6            @base             
libutempter.x86_64                   1.1.5-4.1.el6            @anaconda-CentOS-201112102333.x86_64/6.2
libuuid.x86_64                       2.17.2-12.9.el6_4.3      @updates          
libxcb.x86_64                        1.8.1-1.el6              @base             
libxml2.x86_64                       2.7.6-12.el6_4.1         @updates          
libxml2-devel.x86_64                 2.7.6-12.el6_4.1         @updates          
libxslt.x86_64                       1.1.26-2.el6_3.1         @updates          
libxslt-devel.x86_64                 1.1.26-2.el6_3.1         @updates          
logrotate.x86_64                     3.7.8-16.el6             @base             
lua.x86_64                           5.1.4-4.1.el6            @anaconda-CentOS-201112102333.x86_64/6.2
lynx.x86_64                          2.8.6-27.el6             @base             
m4.x86_64                            1.4.13-5.el6             @anaconda-CentOS-201112102333.x86_64/6.2
make.x86_64                          1:3.81-20.el6            @base             
mingetty.x86_64                      1.08-5.el6               @anaconda-CentOS-201112102333.x86_64/6.2
module-init-tools.x86_64             3.9-21.el6_4             @updates          
mpfr.x86_64                          2.4.1-6.el6              @base             
mysql-libs.x86_64                    5.1.69-1.el6_4           @updates          
nc.x86_64                            1.84-22.el6              @base             
ncurses.x86_64                       5.7-3.20090208.el6       @anaconda-CentOS-201112102333.x86_64/6.2
ncurses-base.x86_64                  5.7-3.20090208.el6       @anaconda-CentOS-201112102333.x86_64/6.2
ncurses-devel.x86_64                 5.7-3.20090208.el6       @base             
ncurses-libs.x86_64                  5.7-3.20090208.el6       @anaconda-CentOS-201112102333.x86_64/6.2
net-tools.x86_64                     1.60-110.el6_2           @base             
newt.x86_64                          0.52.11-3.el6            @anaconda-CentOS-201112102333.x86_64/6.2
newt-python.x86_64                   0.52.11-3.el6            @anaconda-CentOS-201112102333.x86_64/6.2
nspr.x86_64                          4.9.5-2.el6_4            @updates          
nss.x86_64                           3.14.3-4.el6_4           @updates          
nss-softokn.x86_64                   3.14.3-3.el6_4           @updates          
nss-softokn-freebl.x86_64            3.14.3-3.el6_4           @updates          
nss-sysinit.x86_64                   3.14.3-4.el6_4           @updates          
nss-tools.x86_64                     3.14.3-4.el6_4           @updates          
nss-util.x86_64                      3.14.3-3.el6_4           @updates          
ntsysv.x86_64                        1.3.49.3-2.el6_4.1       @updates          
openldap.x86_64                      2.4.23-32.el6_4.1        @updates          
openssh.x86_64                       5.3p1-84.1.el6           @base             
openssh-clients.x86_64               5.3p1-84.1.el6           @base             
openssh-server.x86_64                5.3p1-84.1.el6           @base             
openssl.x86_64                       1.0.0-27.el6_4.2         @updates          
openssl-devel.x86_64                 1.0.0-27.el6_4.2         @updates          
pam.x86_64                           1.1.1-13.el6             @base             
pango.x86_64                         1.28.1-7.el6_3           @updates          
passwd.x86_64                        0.77-4.el6_2.2           @Centosupdates/6.2
patch.x86_64                         2.6-6.el6                @base             
pciutils-libs.x86_64                 3.1.10-2.el6             @base             
pcre.x86_64                          7.8-6.el6                @base             
pcre-devel.x86_64                    7.8-6.el6                @base             
perl.x86_64                          4:5.10.1-131.el6_4       @updates          
perl-ExtUtils-MakeMaker.x86_64       6.55-131.el6_4           @updates          
perl-ExtUtils-ParseXS.x86_64         1:2.2003.0-131.el6_4     @updates          
perl-Module-Pluggable.x86_64         1:3.90-131.el6_4         @updates          
perl-Pod-Escapes.x86_64              1:1.04-131.el6_4         @updates          
perl-Pod-Simple.x86_64               1:3.13-131.el6_4         @updates          
perl-Test-Harness.x86_64             3.17-131.el6_4           @updates          
perl-devel.x86_64                    4:5.10.1-131.el6_4       @updates          
perl-libs.x86_64                     4:5.10.1-131.el6_4       @updates          
perl-version.x86_64                  3:0.77-131.el6_4         @updates          
pinentry.x86_64                      0.7.6-6.el6              @anaconda-CentOS-201112102333.x86_64/6.2
pixman.x86_64                        0.26.2-5.el6_4           @updates          
pkgconfig.x86_64                     1:0.23-9.1.el6           @base             
plymouth.x86_64                      0.8.3-27.el6.centos      @base             
plymouth-core-libs.x86_64            0.8.3-27.el6.centos      @base             
plymouth-scripts.x86_64              0.8.3-27.el6.centos      @base             
policycoreutils.x86_64               2.0.83-19.30.el6         @base             
popt.x86_64                          1.13-7.el6               @anaconda-CentOS-201112102333.x86_64/6.2
postfix.x86_64                       2:2.6.6-2.2.el6_1        @anaconda-CentOS-201112102333.x86_64/6.2
ppl.x86_64                           0.10.2-11.el6            @base             
procps.x86_64                        3.2.8-25.el6             @base             
psmisc.x86_64                        22.6-15.el6_0.1          @anaconda-CentOS-201112102333.x86_64/6.2
pth.x86_64                           2.0.7-9.3.el6            @anaconda-CentOS-201112102333.x86_64/6.2
pygpgme.x86_64                       0.1-18.20090824bzr68.el6 @anaconda-CentOS-201112102333.x86_64/6.2
python.x86_64                        2.6.6-37.el6_4           @updates          
python-iniparse.noarch               0.3.1-2.1.el6            @anaconda-CentOS-201112102333.x86_64/6.2
python-libs.x86_64                   2.6.6-37.el6_4           @updates          
python-pycurl.x86_64                 7.19.0-8.el6             @anaconda-CentOS-201112102333.x86_64/6.2
python-urlgrabber.noarch             3.9.1-8.el6              @anaconda-CentOS-201112102333.x86_64/6.2
readline.x86_64                      6.0-4.el6                @base             
readline-devel.x86_64                6.0-4.el6                @base             
redhat-logos.noarch                  60.0.14-12.el6.centos    @base             
rootfiles.noarch                     8.1-6.1.el6              @anaconda-CentOS-201112102333.x86_64/6.2
rpm.x86_64                           4.8.0-32.el6             @base             
rpm-libs.x86_64                      4.8.0-32.el6             @base             
rpm-python.x86_64                    4.8.0-32.el6             @base             
rsyslog.x86_64                       5.8.10-7.el6_4           @updates          
screen.x86_64                        4.0.3-16.el6             @base             
sed.x86_64                           4.2.1-10.el6             @base             
selinux-policy.noarch                3.7.19-195.el6_4.12      @updates          
selinux-policy-targeted.noarch       3.7.19-195.el6_4.12      @updates          
setup.noarch                         2.8.14-20.el6_4.1        @updates          
sgml-common.noarch                   0.6.3-32.el6             @base             
shadow-utils.x86_64                  2:4.1.4.2-13.el6         @anaconda-CentOS-201112102333.x86_64/6.2
slang.x86_64                         2.2.1-1.el6              @anaconda-CentOS-201112102333.x86_64/6.2
sqlite.x86_64                        3.6.20-1.el6             @anaconda-CentOS-201112102333.x86_64/6.2
strace.x86_64                        4.5.19-1.17.el6          @base             
sudo.x86_64                          1.8.6p3-7.el6            @base             
system-config-firewall-base.noarch   1.2.27-5.el6             @anaconda-CentOS-201112102333.x86_64/6.2
sysvinit-tools.x86_64                2.87-4.dsf.el6           @anaconda-CentOS-201112102333.x86_64/6.2
tar.x86_64                           2:1.23-11.el6            @base             
tcp_wrappers-libs.x86_64             7.6-57.el6               @anaconda-CentOS-201112102333.x86_64/6.2
tzdata.noarch                        2013g-1.el6              @updates          
udev.x86_64                          147-2.46.el6             @base             
unixODBC.x86_64                      2.2.14-12.el6_3          @updates          
unixODBC-devel.x86_64                2.2.14-12.el6_3          @updates          
unzip.x86_64                         6.0-1.el6                @base             
upstart.x86_64                       0.6.5-12.el6_4.1         @updates          
ustr.x86_64                          1.0.4-9.1.el6            @anaconda-CentOS-201112102333.x86_64/6.2
util-linux-ng.x86_64                 2.17.2-12.9.el6_4.3      @updates          
vim-common.x86_64                    2:7.2.411-1.8.el6        @base             
vim-enhanced.x86_64                  2:7.2.411-1.8.el6        @base             
vim-minimal.x86_64                   2:7.2.411-1.8.el6        @base             
wget.x86_64                          1.12-1.8.el6             @base             
which.x86_64                         2.19-6.el6               @anaconda-CentOS-201112102333.x86_64/6.2
xml-common.noarch                    0.6.3-32.el6             @base             
xmlto.x86_64                         0.0.23-3.el6             @base             
xz-libs.x86_64                       4.999.9-0.3.beta.20091007git.el6
                                                              @anaconda-CentOS-201112102333.x86_64/6.2
yum.noarch                           3.2.29-40.el6.centos     @base             
yum-metadata-parser.x86_64           1.1.2-16.el6             @anaconda-CentOS-201112102333.x86_64/6.2
yum-plugin-fastestmirror.noarch      1.1.30-14.el6            @base             
yum-plugin-remove-with-leaves.noarch 1.1.30-14.el6            @base             
zip.x86_64                           3.0-1.el6                @base             
zlib.x86_64                          1.2.3-29.el6             @base             
zlib-devel.x86_64                    1.2.3-29.el6             @base             
zlib-static.x86_64                   1.2.3-29.el6             @base             
